
======================================================================
SANITY REPORT - Device Calibration Validation
======================================================================

Generating test profiles and checking against calibration targets...

======================================================================
Analyzing: single_professional - winter
======================================================================

Loading configuration from config/
Traceback (most recent call last):
  File "/Users/david/Desktop/load/synthetic_load_generator/sanity_report.py", line 296, in <module>
    main()
    ~~~~^^
  File "/Users/david/Desktop/load/synthetic_load_generator/sanity_report.py", line 261, in main
    results = generate_sanity_report(household, season)
  File "/Users/david/Desktop/load/synthetic_load_generator/sanity_report.py", line 173, in generate_sanity_report
    df = generate_household_profile(
        household_id, start, end,
    ...<2 lines>...
        random_seed=seed
    )
  File "/Users/david/Desktop/load/synthetic_load_generator/generator.py", line 421, in generate_household_profile
    devices, households = load_config(config_dir)
                          ~~~~~~~~~~~^^^^^^^^^^^^
  File "/Users/david/Desktop/load/synthetic_load_generator/config_loader.py", line 350, in load_config
    return loader.load_all()
           ~~~~~~~~~~~~~~~^^
  File "/Users/david/Desktop/load/synthetic_load_generator/config_loader.py", line 329, in load_all
    self.load_devices()
    ~~~~~~~~~~~~~~~~~^^
  File "/Users/david/Desktop/load/synthetic_load_generator/config_loader.py", line 258, in load_devices
    raise ValueError(error_msg)
ValueError: Device configuration validation failed:
  - Device 'heat_pump': missing required field 'avg_duration_min'
  - Device 'central_ac': missing required field 'avg_duration_min'
  - Device 'electric_heater': missing required field 'avg_duration_min'
  - Device 'boiler': missing required field 'avg_duration_min'
